Arguments: 
  /Applications/Framer X.app/Contents/Resources/Node/bin/node /Applications/Framer X.app/Contents/Resources/Server/node_modules/yarn/lib/cli.js outdated --cwd /Users/leslieruckman/Library/Autosave Information/Framer-DF9059FE-C923-40DD-837F-AF460AD2A5BA/container --skip-integrity-check --cache-folder /Users/leslieruckman/Library/Caches/Framer/yarn/cache --mutex file:/Users/leslieruckman/Library/Caches/Framer/yarn/mutex --json

PATH: 
  /usr/bin:/bin:/usr/sbin:/sbin

Yarn version: 
  1.9.4

Node version: 
  10.13.0

Platform: 
  darwin x64

Trace: 
  Error: getaddrinfo ENOTFOUND registry.framer.com registry.framer.com:443
      at GetAddrInfoReqWrap.onlookup [as oncomplete] (dns.js:57:26)

npm manifest: 
  {
  	"main": "build/index.js",
  	"license": "MIT",
  	"devDependencies": {
  		"@types/react": "^16.4.16",
  		"framer": "^0.10.1"
  	},
  	"peerDependencies": {
  		"framer": "^0.10.1",
  		"react": "^16.3.0",
  		"react-dom": "^16.3.0"
  	},
  	"framer": {
  		"id": "611014b7-2a22-47e3-8a50-5517ab5eb169"
  	},
  	"author": "Leslie Ruckman",
  	"dependencies": {
  		"@framer/anubisvic_ofx.interactive-form-elements": "^1.1.0",
  		"@framer/steveruizok.fontloader": "^1.0.0"
  	}
  }

yarn manifest: 
  No manifest

Lockfile: 
  # THIS IS AN AUTOGENERATED FILE. DO NOT EDIT THIS FILE DIRECTLY.
  # yarn lockfile v1
  
  
  "@framer/anubisvic_ofx.interactive-form-elements@^1.1.0":
    version "1.1.0"
    resolved "https://registry.framer.com/@framer/anubisvic_ofx.interactive-form-elements/-/@framer/anubisvic_ofx.interactive-form-elements-1.1.0.tgz#c063a4a92110ce1f6cd01406454bc15c8cead496"
  
  "@framer/steveruizok.fontloader@^1.0.0":
    version "1.0.0"
    resolved "https://registry.framer.com/@framer/steveruizok.fontloader/-/@framer/steveruizok.fontloader-1.0.0.tgz#e915d238cdcb3866f67cf7be96abb13be89987e5"
  
  "@types/prop-types@*":
    version "15.5.6"
    resolved "https://registry.yarnpkg.com/@types/prop-types/-/prop-types-15.5.6.tgz#9c03d3fed70a8d517c191b7734da2879b50ca26c"
  
  "@types/react@^16.4.16":
    version "16.4.16"
    resolved "https://registry.yarnpkg.com/@types/react/-/react-16.4.16.tgz#99f91b1200ae8c2062030402006d3b3c3a177043"
    dependencies:
      "@types/prop-types" "*"
      csstype "^2.2.0"
  
  csstype@^2.2.0:
    version "2.5.5"
    resolved "https://registry.yarnpkg.com/csstype/-/csstype-2.5.5.tgz#4125484a3d42189a863943f23b9e4b80fedfa106"
  
  framer@^0.10.1:
    version "0.10.1"
    resolved "https://registry.yarnpkg.com/framer/-/framer-0.10.1.tgz#c543e0435f12971dc9c3cfab79c6f1f316261b6f"
